# JRE version: OpenJDK Runtime Environment (8.0_242-b01) (build 1.8.0_242-release-1644-b01)
# Java VM: OpenJDK 64-Bit Server VM (25.242-b01 mixed mode windows-amd64 compressed oops)
Heap:
 PSYoungGen      total 117248K, used 25925K [0x00000000d5580000, 0x00000000dec80000, 0x0000000100000000)
  eden space 104960K, 24% used [0x00000000d5580000,0x00000000d6ed1728,0x00000000dbc00000)
  from space 12288K, 0% used [0x00000000dbc00000,0x00000000dbc00000,0x00000000dc800000)
  to   space 11776K, 0% used [0x00000000de100000,0x00000000de100000,0x00000000dec80000)
 ParOldGen       total 98304K, used 23617K [0x0000000080000000, 0x0000000086000000, 0x00000000d5580000)
  object space 98304K, 24% used [0x0000000080000000,0x0000000081710798,0x0000000086000000)
 Metaspace       used 46054K, capacity 47762K, committed 48168K, reserved 1093632K
  class space    used 6250K, capacity 6644K, committed 6696K, reserved 1048576K
GC Heap History (10 events):
Event: 4.758 GC heap before
{Heap before GC invocations=8 (full 1):
 PSYoungGen      total 116224K, used 55320K [0x00000000d5580000, 0x00000000dd380000, 0x0000000100000000)
  eden space 104448K, 45% used [0x00000000d5580000,0x00000000d837b930,0x00000000dbb80000)
  from space 11776K, 69% used [0x00000000dc800000,0x00000000dd00aa10,0x00000000dd380000)
  to   space 12288K, 0% used [0x00000000dbb80000,0x00000000dbb80000,0x00000000dc780000)
 ParOldGen       total 98304K, used 7887K [0x0000000080000000, 0x0000000086000000, 0x00000000d5580000)
  object space 98304K, 8% used [0x0000000080000000,0x00000000807b3d88,0x0000000086000000)
 Metaspace       used 34364K, capacity 35398K, committed 35496K, reserved 1079296K
  class space    used 4679K, capacity 4946K, committed 5032K, reserved 1048576K
Event: 4.764 GC heap after
Heap after GC invocations=8 (full 1):
 PSYoungGen      total 116736K, used 9949K [0x00000000d5580000, 0x00000000dd380000, 0x0000000100000000)
  eden space 104448K, 0% used [0x00000000d5580000,0x00000000d5580000,0x00000000dbb80000)
  from space 12288K, 80% used [0x00000000dbb80000,0x00000000dc5376a8,0x00000000dc780000)
  to   space 11776K, 0% used [0x00000000dc800000,0x00000000dc800000,0x00000000dd380000)
 ParOldGen       total 98304K, used 7895K [0x0000000080000000, 0x0000000086000000, 0x00000000d5580000)
  object space 98304K, 8% used [0x0000000080000000,0x00000000807b5d88,0x0000000086000000)
 Metaspace       used 34364K, capacity 35398K, committed 35496K, reserved 1079296K
  class space    used 4679K, capacity 4946K, committed 5032K, reserved 1048576K
}
Event: 4.764 GC heap before
{Heap before GC invocations=9 (full 2):
 PSYoungGen      total 116736K, used 9949K [0x00000000d5580000, 0x00000000dd380000, 0x0000000100000000)
  eden space 104448K, 0% used [0x00000000d5580000,0x00000000d5580000,0x00000000dbb80000)
  from space 12288K, 80% used [0x00000000dbb80000,0x00000000dc5376a8,0x00000000dc780000)
  to   space 11776K, 0% used [0x00000000dc800000,0x00000000dc800000,0x00000000dd380000)
 ParOldGen       total 98304K, used 7895K [0x0000000080000000, 0x0000000086000000, 0x00000000d5580000)
  object space 98304K, 8% used [0x0000000080000000,0x00000000807b5d88,0x0000000086000000)
 Metaspace       used 34364K, capacity 35398K, committed 35496K, reserved 1079296K
  class space    used 4679K, capacity 4946K, committed 5032K, reserved 1048576K
Event: 4.802 GC heap after
Heap after GC invocations=9 (full 2):
 PSYoungGen      total 116736K, used 0K [0x00000000d5580000, 0x00000000dd380000, 0x0000000100000000)
  eden space 104448K, 0% used [0x00000000d5580000,0x00000000d5580000,0x00000000dbb80000)
  from space 12288K, 0% used [0x00000000dbb80000,0x00000000dbb80000,0x00000000dc780000)
  to   space 11776K, 0% used [0x00000000dc800000,0x00000000dc800000,0x00000000dd380000)
 ParOldGen       total 98304K, used 17241K [0x0000000080000000, 0x0000000086000000, 0x00000000d5580000)
  object space 98304K, 17% used [0x0000000080000000,0x00000000810d6450,0x0000000086000000)
 Metaspace       used 34364K, capacity 35398K, committed 35496K, reserved 1079296K
  class space    used 4679K, capacity 4946K, committed 5032K, reserved 1048576K
}
Event: 5.873 GC heap before
{Heap before GC invocations=10 (full 2):
 PSYoungGen      total 116736K, used 104448K [0x00000000d5580000, 0x00000000dd380000, 0x0000000100000000)
  eden space 104448K, 100% used [0x00000000d5580000,0x00000000dbb80000,0x00000000dbb80000)
  from space 12288K, 0% used [0x00000000dbb80000,0x00000000dbb80000,0x00000000dc780000)
  to   space 11776K, 0% used [0x00000000dc800000,0x00000000dc800000,0x00000000dd380000)
 ParOldGen       total 98304K, used 17241K [0x0000000080000000, 0x0000000086000000, 0x00000000d5580000)
  object space 98304K, 17% used [0x0000000080000000,0x00000000810d6450,0x0000000086000000)
 Metaspace       used 40518K, capacity 42218K, committed 42408K, reserved 1085440K
  class space    used 5583K, capacity 5968K, committed 6056K, reserved 1048576K
Event: 5.878 GC heap after
Heap after GC invocations=10 (full 2):
 PSYoungGen      total 116736K, used 9153K [0x00000000d5580000, 0x00000000dfc80000, 0x0000000100000000)
  eden space 104960K, 0% used [0x00000000d5580000,0x00000000d5580000,0x00000000dbc00000)
  from space 11776K, 77% used [0x00000000dc800000,0x00000000dd0f0778,0x00000000dd380000)
  to   space 12288K, 0% used [0x00000000dbc00000,0x00000000dbc00000,0x00000000dc800000)
 ParOldGen       total 98304K, used 17249K [0x0000000080000000, 0x0000000086000000, 0x00000000d5580000)
  object space 98304K, 17% used [0x0000000080000000,0x00000000810d8450,0x0000000086000000)
 Metaspace       used 40518K, capacity 42218K, committed 42408K, reserved 1085440K
  class space    used 5583K, capacity 5968K, committed 6056K, reserved 1048576K
}
Event: 6.212 GC heap before
{Heap before GC invocations=11 (full 2):
 PSYoungGen      total 116736K, used 47682K [0x00000000d5580000, 0x00000000dfc80000, 0x0000000100000000)
  eden space 104960K, 36% used [0x00000000d5580000,0x00000000d7b200c8,0x00000000dbc00000)
  from space 11776K, 77% used [0x00000000dc800000,0x00000000dd0f0778,0x00000000dd380000)
  to   space 12288K, 0% used [0x00000000dbc00000,0x00000000dbc00000,0x00000000dc800000)
 ParOldGen       total 98304K, used 17249K [0x0000000080000000, 0x0000000086000000, 0x00000000d5580000)
  object space 98304K, 17% used [0x0000000080000000,0x00000000810d8450,0x0000000086000000)
 Metaspace       used 44412K, capacity 46238K, committed 46376K, reserved 1093632K
  class space    used 6047K, capacity 6438K, committed 6440K, reserved 1048576K
Event: 6.217 GC heap after
Heap after GC invocations=11 (full 2):
 PSYoungGen      total 117248K, used 8819K [0x00000000d5580000, 0x00000000dec80000, 0x0000000100000000)
  eden space 104960K, 0% used [0x00000000d5580000,0x00000000d5580000,0x00000000dbc00000)
  from space 12288K, 71% used [0x00000000dbc00000,0x00000000dc49cff0,0x00000000dc800000)
  to   space 11776K, 0% used [0x00000000de100000,0x00000000de100000,0x00000000dec80000)
 ParOldGen       total 98304K, used 17249K [0x0000000080000000, 0x0000000086000000, 0x00000000d5580000)
  object space 98304K, 17% used [0x0000000080000000,0x00000000810d8450,0x0000000086000000)
 Metaspace       used 44412K, capacity 46238K, committed 46376K, reserved 1093632K
  class space    used 6047K, capacity 6438K, committed 6440K, reserved 1048576K
}
Event: 6.217 GC heap before
{Heap before GC invocations=12 (full 3):
 PSYoungGen      total 117248K, used 8819K [0x00000000d5580000, 0x00000000dec80000, 0x0000000100000000)
  eden space 104960K, 0% used [0x00000000d5580000,0x00000000d5580000,0x00000000dbc00000)
  from space 12288K, 71% used [0x00000000dbc00000,0x00000000dc49cff0,0x00000000dc800000)
  to   space 11776K, 0% used [0x00000000de100000,0x00000000de100000,0x00000000dec80000)
 ParOldGen       total 98304K, used 17249K [0x0000000080000000, 0x0000000086000000, 0x00000000d5580000)
  object space 98304K, 17% used [0x0000000080000000,0x00000000810d8450,0x0000000086000000)
 Metaspace       used 44412K, capacity 46238K, committed 46376K, reserved 1093632K
  class space    used 6047K, capacity 6438K, committed 6440K, reserved 1048576K
Event: 6.379 GC heap after
Heap after GC invocations=12 (full 3):
 PSYoungGen      total 117248K, used 0K [0x00000000d5580000, 0x00000000dec80000, 0x0000000100000000)
  eden space 104960K, 0% used [0x00000000d5580000,0x00000000d5580000,0x00000000dbc00000)
  from space 12288K, 0% used [0x00000000dbc00000,0x00000000dbc00000,0x00000000dc800000)
  to   space 11776K, 0% used [0x00000000de100000,0x00000000de100000,0x00000000dec80000)
 ParOldGen       total 98304K, used 23617K [0x0000000080000000, 0x0000000086000000, 0x00000000d5580000)
  object space 98304K, 24% used [0x0000000080000000,0x0000000081710798,0x0000000086000000)
 Metaspace       used 44377K, capacity 46118K, committed 46376K, reserved 1093632K
  class space    used 6036K, capacity 6418K, committed 6440K, reserved 1048576K
}

