# JRE version: OpenJDK Runtime Environment (8.0_242-b01) (build 1.8.0_242-release-1644-b01)
# Java VM: OpenJDK 64-Bit Server VM (25.242-b01 mixed mode windows-amd64 compressed oops)
Heap:
 PSYoungGen      total 119808K, used 18695K [0x00000000d5580000, 0x00000000e0a00000, 0x0000000100000000)
  eden space 109056K, 7% used [0x00000000d5580000,0x00000000d5d47808,0x00000000dc000000)
  from space 10752K, 99% used [0x00000000dcd00000,0x00000000dd77a5c8,0x00000000dd780000)
  to   space 13312K, 0% used [0x00000000dc000000,0x00000000dc000000,0x00000000dcd00000)
 ParOldGen       total 93184K, used 17574K [0x0000000080000000, 0x0000000085b00000, 0x00000000d5580000)
  object space 93184K, 18% used [0x0000000080000000,0x0000000081129a60,0x0000000085b00000)
 Metaspace       used 44371K, capacity 45866K, committed 46040K, reserved 1089536K
  class space    used 6012K, capacity 6391K, committed 6400K, reserved 1048576K
GC Heap History (10 events):
Event: 3.334 GC heap before
{Heap before GC invocations=6 (full 1):
 PSYoungGen      total 75776K, used 65024K [0x00000000d5580000, 0x00000000daa00000, 0x0000000100000000)
  eden space 65024K, 100% used [0x00000000d5580000,0x00000000d9500000,0x00000000d9500000)
  from space 10752K, 0% used [0x00000000d9f80000,0x00000000d9f80000,0x00000000daa00000)
  to   space 10752K, 0% used [0x00000000d9500000,0x00000000d9500000,0x00000000d9f80000)
 ParOldGen       total 93184K, used 7568K [0x0000000080000000, 0x0000000085b00000, 0x00000000d5580000)
  object space 93184K, 8% used [0x0000000080000000,0x0000000080764058,0x0000000085b00000)
 Metaspace       used 28158K, capacity 28826K, committed 29056K, reserved 1075200K
  class space    used 3889K, capacity 4097K, committed 4224K, reserved 1048576K
Event: 3.338 GC heap after
Heap after GC invocations=6 (full 1):
 PSYoungGen      total 75776K, used 7942K [0x00000000d5580000, 0x00000000dd980000, 0x0000000100000000)
  eden space 65024K, 0% used [0x00000000d5580000,0x00000000d5580000,0x00000000d9500000)
  from space 10752K, 73% used [0x00000000d9500000,0x00000000d9cc18f8,0x00000000d9f80000)
  to   space 12800K, 0% used [0x00000000dcd00000,0x00000000dcd00000,0x00000000dd980000)
 ParOldGen       total 93184K, used 7576K [0x0000000080000000, 0x0000000085b00000, 0x00000000d5580000)
  object space 93184K, 8% used [0x0000000080000000,0x0000000080766058,0x0000000085b00000)
 Metaspace       used 28158K, capacity 28826K, committed 29056K, reserved 1075200K
  class space    used 3889K, capacity 4097K, committed 4224K, reserved 1048576K
}
Event: 3.746 GC heap before
{Heap before GC invocations=7 (full 1):
 PSYoungGen      total 75776K, used 72966K [0x00000000d5580000, 0x00000000dd980000, 0x0000000100000000)
  eden space 65024K, 100% used [0x00000000d5580000,0x00000000d9500000,0x00000000d9500000)
  from space 10752K, 73% used [0x00000000d9500000,0x00000000d9cc18f8,0x00000000d9f80000)
  to   space 12800K, 0% used [0x00000000dcd00000,0x00000000dcd00000,0x00000000dd980000)
 ParOldGen       total 93184K, used 7576K [0x0000000080000000, 0x0000000085b00000, 0x00000000d5580000)
  object space 93184K, 8% used [0x0000000080000000,0x0000000080766058,0x0000000085b00000)
 Metaspace       used 32051K, capacity 32862K, committed 33152K, reserved 1077248K
  class space    used 4369K, capacity 4611K, committed 4736K, reserved 1048576K
Event: 3.752 GC heap after
Heap after GC invocations=7 (full 1):
 PSYoungGen      total 119296K, used 8366K [0x00000000d5580000, 0x00000000dd780000, 0x0000000100000000)
  eden space 108544K, 0% used [0x00000000d5580000,0x00000000d5580000,0x00000000dbf80000)
  from space 10752K, 77% used [0x00000000dcd00000,0x00000000dd52ba40,0x00000000dd780000)
  to   space 12288K, 0% used [0x00000000dbf80000,0x00000000dbf80000,0x00000000dcb80000)
 ParOldGen       total 93184K, used 7584K [0x0000000080000000, 0x0000000085b00000, 0x00000000d5580000)
  object space 93184K, 8% used [0x0000000080000000,0x0000000080768058,0x0000000085b00000)
 Metaspace       used 32051K, capacity 32862K, committed 33152K, reserved 1077248K
  class space    used 4369K, capacity 4611K, committed 4736K, reserved 1048576K
}
Event: 4.069 GC heap before
{Heap before GC invocations=8 (full 1):
 PSYoungGen      total 119296K, used 58867K [0x00000000d5580000, 0x00000000dd780000, 0x0000000100000000)
  eden space 108544K, 46% used [0x00000000d5580000,0x00000000d86d1398,0x00000000dbf80000)
  from space 10752K, 77% used [0x00000000dcd00000,0x00000000dd52ba40,0x00000000dd780000)
  to   space 12288K, 0% used [0x00000000dbf80000,0x00000000dbf80000,0x00000000dcb80000)
 ParOldGen       total 93184K, used 7584K [0x0000000080000000, 0x0000000085b00000, 0x00000000d5580000)
  object space 93184K, 8% used [0x0000000080000000,0x0000000080768058,0x0000000085b00000)
 Metaspace       used 34471K, capacity 35394K, committed 35416K, reserved 1079296K
  class space    used 4731K, capacity 4972K, committed 4992K, reserved 1048576K
Event: 4.075 GC heap after
Heap after GC invocations=8 (full 1):
 PSYoungGen      total 120832K, used 8837K [0x00000000d5580000, 0x00000000dd780000, 0x0000000100000000)
  eden space 108544K, 0% used [0x00000000d5580000,0x00000000d5580000,0x00000000dbf80000)
  from space 12288K, 71% used [0x00000000dbf80000,0x00000000dc8217c8,0x00000000dcb80000)
  to   space 10752K, 0% used [0x00000000dcd00000,0x00000000dcd00000,0x00000000dd780000)
 ParOldGen       total 93184K, used 7592K [0x0000000080000000, 0x0000000085b00000, 0x00000000d5580000)
  object space 93184K, 8% used [0x0000000080000000,0x000000008076a058,0x0000000085b00000)
 Metaspace       used 34471K, capacity 35394K, committed 35416K, reserved 1079296K
  class space    used 4731K, capacity 4972K, committed 4992K, reserved 1048576K
}
Event: 4.075 GC heap before
{Heap before GC invocations=9 (full 2):
 PSYoungGen      total 120832K, used 8837K [0x00000000d5580000, 0x00000000dd780000, 0x0000000100000000)
  eden space 108544K, 0% used [0x00000000d5580000,0x00000000d5580000,0x00000000dbf80000)
  from space 12288K, 71% used [0x00000000dbf80000,0x00000000dc8217c8,0x00000000dcb80000)
  to   space 10752K, 0% used [0x00000000dcd00000,0x00000000dcd00000,0x00000000dd780000)
 ParOldGen       total 93184K, used 7592K [0x0000000080000000, 0x0000000085b00000, 0x00000000d5580000)
  object space 93184K, 8% used [0x0000000080000000,0x000000008076a058,0x0000000085b00000)
 Metaspace       used 34471K, capacity 35394K, committed 35416K, reserved 1079296K
  class space    used 4731K, capacity 4972K, committed 4992K, reserved 1048576K
Event: 4.107 GC heap after
Heap after GC invocations=9 (full 2):
 PSYoungGen      total 120832K, used 0K [0x00000000d5580000, 0x00000000dd780000, 0x0000000100000000)
  eden space 108544K, 0% used [0x00000000d5580000,0x00000000d5580000,0x00000000dbf80000)
  from space 12288K, 0% used [0x00000000dbf80000,0x00000000dbf80000,0x00000000dcb80000)
  to   space 10752K, 0% used [0x00000000dcd00000,0x00000000dcd00000,0x00000000dd780000)
 ParOldGen       total 93184K, used 15680K [0x0000000080000000, 0x0000000085b00000, 0x00000000d5580000)
  object space 93184K, 16% used [0x0000000080000000,0x0000000080f501f0,0x0000000085b00000)
 Metaspace       used 34471K, capacity 35394K, committed 35416K, reserved 1079296K
  class space    used 4731K, capacity 4972K, committed 4992K, reserved 1048576K
}
Event: 5.167 GC heap before
{Heap before GC invocations=10 (full 2):
 PSYoungGen      total 120832K, used 108544K [0x00000000d5580000, 0x00000000dd780000, 0x0000000100000000)
  eden space 108544K, 100% used [0x00000000d5580000,0x00000000dbf80000,0x00000000dbf80000)
  from space 12288K, 0% used [0x00000000dbf80000,0x00000000dbf80000,0x00000000dcb80000)
  to   space 10752K, 0% used [0x00000000dcd00000,0x00000000dcd00000,0x00000000dd780000)
 ParOldGen       total 93184K, used 15680K [0x0000000080000000, 0x0000000085b00000, 0x00000000d5580000)
  object space 93184K, 16% used [0x0000000080000000,0x0000000080f501f0,0x0000000085b00000)
 Metaspace       used 43464K, capacity 44938K, committed 45272K, reserved 1087488K
  class space    used 5915K, capacity 6295K, committed 6400K, reserved 1048576K
Event: 5.175 GC heap after
Heap after GC invocations=10 (full 2):
 PSYoungGen      total 119808K, used 10729K [0x00000000d5580000, 0x00000000e0a00000, 0x0000000100000000)
  eden space 109056K, 0% used [0x00000000d5580000,0x00000000d5580000,0x00000000dc000000)
  from space 10752K, 99% used [0x00000000dcd00000,0x00000000dd77a5c8,0x00000000dd780000)
  to   space 13312K, 0% used [0x00000000dc000000,0x00000000dc000000,0x00000000dcd00000)
 ParOldGen       total 93184K, used 17574K [0x0000000080000000, 0x0000000085b00000, 0x00000000d5580000)
  object space 93184K, 18% used [0x0000000080000000,0x0000000081129a60,0x0000000085b00000)
 Metaspace       used 43464K, capacity 44938K, committed 45272K, reserved 1087488K
  class space    used 5915K, capacity 6295K, committed 6400K, reserved 1048576K
}

