# JRE version: OpenJDK Runtime Environment (8.0_242-b01) (build 1.8.0_242-release-1644-b01)
# Java VM: OpenJDK 64-Bit Server VM (25.242-b01 mixed mode windows-amd64 compressed oops)
Heap:
 PSYoungGen      total 311296K, used 118162K [0x00000000d5580000, 0x00000000ec680000, 0x0000000100000000)
  eden space 249856K, 38% used [0x00000000d5580000,0x00000000db2b4930,0x00000000e4980000)
  from space 61440K, 36% used [0x00000000e4980000,0x00000000e5fb0108,0x00000000e8580000)
  to   space 59392K, 0% used [0x00000000e8c80000,0x00000000e8c80000,0x00000000ec680000)
 ParOldGen       total 314880K, used 54465K [0x0000000080000000, 0x0000000093380000, 0x00000000d5580000)
  object space 314880K, 17% used [0x0000000080000000,0x00000000835306b0,0x0000000093380000)
 Metaspace       used 94924K, capacity 101238K, committed 101336K, reserved 1136640K
  class space    used 12408K, capacity 13482K, committed 13568K, reserved 1048576K
GC Heap History (10 events):
Event: 7460.610 GC heap before
{Heap before GC invocations=23 (full 4):
 PSYoungGen      total 278016K, used 244122K [0x00000000d5580000, 0x00000000ea680000, 0x0000000100000000)
  eden space 225280K, 100% used [0x00000000d5580000,0x00000000e3180000,0x00000000e3180000)
  from space 52736K, 35% used [0x00000000e7300000,0x00000000e8566b60,0x00000000ea680000)
  to   space 59904K, 0% used [0x00000000e3180000,0x00000000e3180000,0x00000000e6c00000)
 ParOldGen       total 314880K, used 54425K [0x0000000080000000, 0x0000000093380000, 0x00000000d5580000)
  object space 314880K, 17% used [0x0000000080000000,0x00000000835266b0,0x0000000093380000)
 Metaspace       used 93074K, capacity 98262K, committed 99304K, reserved 1134592K
  class space    used 12239K, capacity 13172K, committed 13440K, reserved 1048576K
Event: 7460.622 GC heap after
Heap after GC invocations=23 (full 4):
 PSYoungGen      total 285184K, used 23852K [0x00000000d5580000, 0x00000000eb480000, 0x0000000100000000)
  eden space 225280K, 0% used [0x00000000d5580000,0x00000000d5580000,0x00000000e3180000)
  from space 59904K, 39% used [0x00000000e3180000,0x00000000e48cb280,0x00000000e6c00000)
  to   space 56832K, 0% used [0x00000000e7d00000,0x00000000e7d00000,0x00000000eb480000)
 ParOldGen       total 314880K, used 54433K [0x0000000080000000, 0x0000000093380000, 0x00000000d5580000)
  object space 314880K, 17% used [0x0000000080000000,0x00000000835286b0,0x0000000093380000)
 Metaspace       used 93074K, capacity 98262K, committed 99304K, reserved 1134592K
  class space    used 12239K, capacity 13172K, committed 13440K, reserved 1048576K
}
Event: 7520.291 GC heap before
{Heap before GC invocations=24 (full 4):
 PSYoungGen      total 285184K, used 249131K [0x00000000d5580000, 0x00000000eb480000, 0x0000000100000000)
  eden space 225280K, 99% used [0x00000000d5580000,0x00000000e317fa10,0x00000000e3180000)
  from space 59904K, 39% used [0x00000000e3180000,0x00000000e48cb280,0x00000000e6c00000)
  to   space 56832K, 0% used [0x00000000e7d00000,0x00000000e7d00000,0x00000000eb480000)
 ParOldGen       total 314880K, used 54433K [0x0000000080000000, 0x0000000093380000, 0x00000000d5580000)
  object space 314880K, 17% used [0x0000000080000000,0x00000000835286b0,0x0000000093380000)
 Metaspace       used 93391K, capacity 98586K, committed 99672K, reserved 1136640K
  class space    used 12239K, capacity 13172K, committed 13440K, reserved 1048576K
Event: 7520.318 GC heap after
Heap after GC invocations=24 (full 4):
 PSYoungGen      total 295424K, used 53572K [0x00000000d5580000, 0x00000000ebe80000, 0x0000000100000000)
  eden space 238592K, 0% used [0x00000000d5580000,0x00000000d5580000,0x00000000e3e80000)
  from space 56832K, 94% used [0x00000000e7d00000,0x00000000eb151300,0x00000000eb480000)
  to   space 64000K, 0% used [0x00000000e3e80000,0x00000000e3e80000,0x00000000e7d00000)
 ParOldGen       total 314880K, used 54441K [0x0000000080000000, 0x0000000093380000, 0x00000000d5580000)
  object space 314880K, 17% used [0x0000000080000000,0x000000008352a6b0,0x0000000093380000)
 Metaspace       used 93391K, capacity 98586K, committed 99672K, reserved 1136640K
  class space    used 12239K, capacity 13172K, committed 13440K, reserved 1048576K
}
Event: 7568.335 GC heap before
{Heap before GC invocations=25 (full 4):
 PSYoungGen      total 295424K, used 292164K [0x00000000d5580000, 0x00000000ebe80000, 0x0000000100000000)
  eden space 238592K, 100% used [0x00000000d5580000,0x00000000e3e80000,0x00000000e3e80000)
  from space 56832K, 94% used [0x00000000e7d00000,0x00000000eb151300,0x00000000eb480000)
  to   space 64000K, 0% used [0x00000000e3e80000,0x00000000e3e80000,0x00000000e7d00000)
 ParOldGen       total 314880K, used 54441K [0x0000000080000000, 0x0000000093380000, 0x00000000d5580000)
  object space 314880K, 17% used [0x0000000080000000,0x000000008352a6b0,0x0000000093380000)
 Metaspace       used 94224K, capacity 100312K, committed 100440K, reserved 1136640K
  class space    used 12371K, capacity 13415K, committed 13440K, reserved 1048576K
Event: 7568.361 GC heap after
Heap after GC invocations=25 (full 4):
 PSYoungGen      total 302592K, used 38436K [0x00000000d5580000, 0x00000000eca80000, 0x0000000100000000)
  eden space 238592K, 0% used [0x00000000d5580000,0x00000000d5580000,0x00000000e3e80000)
  from space 64000K, 60% used [0x00000000e3e80000,0x00000000e64091e0,0x00000000e7d00000)
  to   space 64512K, 0% used [0x00000000e8b80000,0x00000000e8b80000,0x00000000eca80000)
 ParOldGen       total 314880K, used 54449K [0x0000000080000000, 0x0000000093380000, 0x00000000d5580000)
  object space 314880K, 17% used [0x0000000080000000,0x000000008352c6b0,0x0000000093380000)
 Metaspace       used 94224K, capacity 100312K, committed 100440K, reserved 1136640K
  class space    used 12371K, capacity 13415K, committed 13440K, reserved 1048576K
}
Event: 7702.304 GC heap before
{Heap before GC invocations=26 (full 4):
 PSYoungGen      total 302592K, used 277028K [0x00000000d5580000, 0x00000000eca80000, 0x0000000100000000)
  eden space 238592K, 100% used [0x00000000d5580000,0x00000000e3e80000,0x00000000e3e80000)
  from space 64000K, 60% used [0x00000000e3e80000,0x00000000e64091e0,0x00000000e7d00000)
  to   space 64512K, 0% used [0x00000000e8b80000,0x00000000e8b80000,0x00000000eca80000)
 ParOldGen       total 314880K, used 54449K [0x0000000080000000, 0x0000000093380000, 0x00000000d5580000)
  object space 314880K, 17% used [0x0000000080000000,0x000000008352c6b0,0x0000000093380000)
 Metaspace       used 94530K, capacity 100762K, committed 101080K, reserved 1136640K
  class space    used 12405K, capacity 13478K, committed 13568K, reserved 1048576K
Event: 7702.316 GC heap after
Heap after GC invocations=26 (full 4):
 PSYoungGen      total 305152K, used 26460K [0x00000000d5580000, 0x00000000ec180000, 0x0000000100000000)
  eden space 249856K, 0% used [0x00000000d5580000,0x00000000d5580000,0x00000000e4980000)
  from space 55296K, 47% used [0x00000000e8b80000,0x00000000ea5571a0,0x00000000ec180000)
  to   space 61440K, 0% used [0x00000000e4980000,0x00000000e4980000,0x00000000e8580000)
 ParOldGen       total 314880K, used 54457K [0x0000000080000000, 0x0000000093380000, 0x00000000d5580000)
  object space 314880K, 17% used [0x0000000080000000,0x000000008352e6b0,0x0000000093380000)
 Metaspace       used 94530K, capacity 100762K, committed 101080K, reserved 1136640K
  class space    used 12405K, capacity 13478K, committed 13568K, reserved 1048576K
}
Event: 7764.218 GC heap before
{Heap before GC invocations=27 (full 4):
 PSYoungGen      total 305152K, used 276316K [0x00000000d5580000, 0x00000000ec180000, 0x0000000100000000)
  eden space 249856K, 100% used [0x00000000d5580000,0x00000000e4980000,0x00000000e4980000)
  from space 55296K, 47% used [0x00000000e8b80000,0x00000000ea5571a0,0x00000000ec180000)
  to   space 61440K, 0% used [0x00000000e4980000,0x00000000e4980000,0x00000000e8580000)
 ParOldGen       total 314880K, used 54457K [0x0000000080000000, 0x0000000093380000, 0x00000000d5580000)
  object space 314880K, 17% used [0x0000000080000000,0x000000008352e6b0,0x0000000093380000)
 Metaspace       used 94806K, capacity 101044K, committed 101336K, reserved 1136640K
  class space    used 12407K, capacity 13481K, committed 13568K, reserved 1048576K
Event: 7764.231 GC heap after
Heap after GC invocations=27 (full 4):
 PSYoungGen      total 311296K, used 22720K [0x00000000d5580000, 0x00000000ec680000, 0x0000000100000000)
  eden space 249856K, 0% used [0x00000000d5580000,0x00000000d5580000,0x00000000e4980000)
  from space 61440K, 36% used [0x00000000e4980000,0x00000000e5fb0108,0x00000000e8580000)
  to   space 59392K, 0% used [0x00000000e8c80000,0x00000000e8c80000,0x00000000ec680000)
 ParOldGen       total 314880K, used 54465K [0x0000000080000000, 0x0000000093380000, 0x00000000d5580000)
  object space 314880K, 17% used [0x0000000080000000,0x00000000835306b0,0x0000000093380000)
 Metaspace       used 94806K, capacity 101044K, committed 101336K, reserved 1136640K
  class space    used 12407K, capacity 13481K, committed 13568K, reserved 1048576K
}

